------------------------------------------------------------
/usr/bin/pip run on Wed Sep  2 02:20:00 2020
Downloading/unpacking pycodestyle
  Getting page https://pypi.python.org/simple/pycodestyle/
  URLs to search for versions for pycodestyle:
  * https://pypi.python.org/simple/pycodestyle/
  Analyzing links from page https://pypi.org/simple/pycodestyle/
    Found link https://files.pythonhosted.org/packages/ba/d1/9973e3eb4a45342b6b377f7d3f40f02c25b49fe783c42199ea653f41e87a/pycodestyle-1.8.0.dev0-py2.py3-none-any.whl#sha256=015b6d6372dd5b7da024e0a526a4d11686e87442bdf4ebfcafe949f0d67131ef (from https://pypi.org/simple/pycodestyle/), version: 1.8.0.dev0
    Found link https://files.pythonhosted.org/packages/dd/66/fda85afe66edcd5e41a8cca7cc6a1da0cabef0fca8fdff197d82adf17a7a/pycodestyle-1.8.0.dev0.tar.gz#sha256=ea59e187052d370de6f7ea5fb1a167e847f16fe8c4fb2b98310791163fdacbef (from https://pypi.org/simple/pycodestyle/), version: 1.8.0.dev0
    Found link https://files.pythonhosted.org/packages/f3/af/5b89bfeb26b1ddc7ca6b502e2e6bf92ea3eeb04099929288753b084100a5/pycodestyle-2.0.0a1-py2.py3-none-any.whl#sha256=be51c0b7f5cf9f773bcc7e02bb77e044a40ad20ecc66ca5c6e543e3df8e2d263 (from https://pypi.org/simple/pycodestyle/), version: 2.0.0a1
    Found link https://files.pythonhosted.org/packages/e7/9c/2b551f54271c08fd920edbefcea3defe2edf662a86757708df9ca866a033/pycodestyle-2.0.0a1.tar.gz#sha256=de39c5fd2761ff2e5fbf7546dc39d53f82a7bb62e6c71c7da0c2a866315a1d0c (from https://pypi.org/simple/pycodestyle/), version: 2.0.0a1
    Found link https://files.pythonhosted.org/packages/73/31/136a79364c1681a3c276796d1f5090833bd03461b78a1b037638d1a2c484/pycodestyle-2.0.0-py2.py3-none-any.whl#sha256=2ce83f2046f5ab85c652ceceddfbde7a64a909900989b4b43e92b10b743d0ce5 (from https://pypi.org/simple/pycodestyle/), version: 2.0.0
    Found link https://files.pythonhosted.org/packages/db/b1/9f798e745a4602ab40bf6a9174e1409dcdde6928cf800d3aab96a65b1bbf/pycodestyle-2.0.0.tar.gz#sha256=37f0420b14630b0eaaf452978f3a6ea4816d787c3e6dcbba6fb255030adae2e7 (from https://pypi.org/simple/pycodestyle/), version: 2.0.0
    Found link https://files.pythonhosted.org/packages/49/16/455af11e9afef9a38804c516910ba8093f673981a55dbfd4688974b45f40/pycodestyle-2.1.0-py2.py3-none-any.whl#sha256=14588a4a51f464b784eb199ade0a04103e93f9ed7d69551f29f295a9e9668030 (from https://pypi.org/simple/pycodestyle/), version: 2.1.0
    Found link https://files.pythonhosted.org/packages/1d/31/c63f6dbede25dc53135e54175b5cbbc4932f417e169c0a4b2339a69bffc5/pycodestyle-2.1.0.tar.gz#sha256=5b540e4f19b4938c082cfd13f5d778d1ad2308b337abbc687ab9335233f5f3e2 (from https://pypi.org/simple/pycodestyle/), version: 2.1.0
    Found link https://files.pythonhosted.org/packages/46/95/0b74196cb512cbf5127c27636115d63126c0f1a10383d828b9ad7295f381/pycodestyle-2.2.0-py2.py3-none-any.whl#sha256=60c4e1c36f301ac539a550a29e9d16862069ec240472d86e5e71c4fc645829cb (from https://pypi.org/simple/pycodestyle/), version: 2.2.0
    Found link https://files.pythonhosted.org/packages/43/9f/56e824b197398582b0c1aaaa2272560bc51f395fe3e45e1dd88de4bb24dc/pycodestyle-2.2.0.tar.gz#sha256=df81dc3293e0123e2e8d1f2aaf819600e4ae287d8b3af8b72181af50257e5d9a (from https://pypi.org/simple/pycodestyle/), version: 2.2.0
    Found link https://files.pythonhosted.org/packages/32/09/8e580517e4af96141c41f531bca14c4408e7cb716864022737811aaac1be/pycodestyle-2.3.0-py2.py3-none-any.whl#sha256=ae308be77310759b722965cfe4a81b69c10aacaecb2db2c874ceb1720cc8f1aa (from https://pypi.org/simple/pycodestyle/), version: 2.3.0
    Found link https://files.pythonhosted.org/packages/ab/59/bfe563694774450cf6e614b67b2a03f57827c716b7468c64254d9f8c0ec6/pycodestyle-2.3.0.tar.gz#sha256=a5910db118cf7e66ff92fb281a203c19ca2b5134620dd2538a794e636253863b (from https://pypi.org/simple/pycodestyle/), version: 2.3.0
    Found link https://files.pythonhosted.org/packages/e4/81/78fe51eb4038d1388b7217dd63770b0f428370207125047312886c923b26/pycodestyle-2.3.1-py2.py3-none-any.whl#sha256=6c4245ade1edfad79c3446fadfc96b0de2759662dc29d07d80a6f27ad1ca6ba9 (from https://pypi.org/simple/pycodestyle/), version: 2.3.1
    Found link https://files.pythonhosted.org/packages/e1/88/0e2cbf412bd849ea6f1af1f97882add46a374f4ba1d2aea39353609150ad/pycodestyle-2.3.1.tar.gz#sha256=682256a5b318149ca0d2a9185d365d8864a768a28db66a84a2ea946bcc426766 (from https://pypi.org/simple/pycodestyle/), version: 2.3.1
    Found link https://files.pythonhosted.org/packages/e5/c6/ce130213489969aa58610042dff1d908c25c731c9575af6935c2dfad03aa/pycodestyle-2.4.0-py2.py3-none-any.whl#sha256=cbc619d09254895b0d12c2c691e237b2e91e9b2ecf5e84c26b35400f93dcfb83 (from https://pypi.org/simple/pycodestyle/), version: 2.4.0
    Skipping link https://files.pythonhosted.org/packages/4f/b3/eeab0685e0acdd2e16c12d3b6d0113aeb2ab89619feb4f3040460cca1267/pycodestyle-2.4.0-py3.6.egg#sha256=74abc4e221d393ea5ce1f129ea6903209940c1ecd29e002e8c6933c2b21026e0 (from https://pypi.org/simple/pycodestyle/); unknown archive format: .egg
    Found link https://files.pythonhosted.org/packages/28/ad/cae9654d7fd64eb3d2ab2c44c9bf8dc5bd4fb759625beab99532239aa6e8/pycodestyle-2.4.0.tar.gz#sha256=cbfca99bd594a10f674d0cd97a3d802a1fdef635d4361e1a2658de47ed261e3a (from https://pypi.org/simple/pycodestyle/), version: 2.4.0
    Found link https://files.pythonhosted.org/packages/0e/0c/04a353e104d2f324f8ee5f4b32012618c1c86dd79e52a433b64fceed511b/pycodestyle-2.5.0-py2.py3-none-any.whl#sha256=95a2219d12372f05704562a14ec30bc76b05a5b297b21a5dfe3f6fac3491ae56 (from https://pypi.org/simple/pycodestyle/), version: 2.5.0
    Found link https://files.pythonhosted.org/packages/1c/d1/41294da5915f4cae7f4b388cea6c2cd0d6cd53039788635f6875dfe8c72f/pycodestyle-2.5.0.tar.gz#sha256=e40a936c9a450ad81df37f549d676d127b1b66000a6c500caa2b085bc0ca976c (from https://pypi.org/simple/pycodestyle/), version: 2.5.0
    Found link https://files.pythonhosted.org/packages/72/c4/fbe4b6739203c7dbcb8735b3910e354c43aa323faefe75b8d93d0ec4e148/pycodestyle-2.6.0a1-py2.py3-none-any.whl#sha256=933bfe8d45355fbb35f9017d81fc51df8cb7ce58b82aca2568b870bf7bea1611 (from https://pypi.org/simple/pycodestyle/), version: 2.6.0a1
    Found link https://files.pythonhosted.org/packages/e6/4d/09b2583fa9439a5625fe02dc3b99aa589a2304326ece689cca60d733a590/pycodestyle-2.6.0a1.tar.gz#sha256=c1362bf675a7c0171fa5f795917c570c2e405a97e5dc473b51f3656075d73acc (from https://pypi.org/simple/pycodestyle/), version: 2.6.0a1
    Found link https://files.pythonhosted.org/packages/10/5b/88879fb861ab79aef45c7e199cae3ef7af487b5603dcb363517a50602dd7/pycodestyle-2.6.0-py2.py3-none-any.whl#sha256=2295e7b2f6b5bd100585ebcb1f616591b652db8a741695b3d8f5d28bdc934367 (from https://pypi.org/simple/pycodestyle/), version: 2.6.0
    Found link https://files.pythonhosted.org/packages/bb/82/0df047a5347d607be504ad5faa255caa7919562962b934f9372b157e8a70/pycodestyle-2.6.0.tar.gz#sha256=c58a7d2815e0e8d7972bf1803331fb0152f867bd89adf8a01dfd55085434192e (from https://pypi.org/simple/pycodestyle/), version: 2.6.0
  Ignoring link https://files.pythonhosted.org/packages/ba/d1/9973e3eb4a45342b6b377f7d3f40f02c25b49fe783c42199ea653f41e87a/pycodestyle-1.8.0.dev0-py2.py3-none-any.whl#sha256=015b6d6372dd5b7da024e0a526a4d11686e87442bdf4ebfcafe949f0d67131ef (from https://pypi.org/simple/pycodestyle/), version 1.8.0.dev0 is a pre-release (use --pre to allow).
  Ignoring link https://files.pythonhosted.org/packages/dd/66/fda85afe66edcd5e41a8cca7cc6a1da0cabef0fca8fdff197d82adf17a7a/pycodestyle-1.8.0.dev0.tar.gz#sha256=ea59e187052d370de6f7ea5fb1a167e847f16fe8c4fb2b98310791163fdacbef (from https://pypi.org/simple/pycodestyle/), version 1.8.0.dev0 is a pre-release (use --pre to allow).
  Ignoring link https://files.pythonhosted.org/packages/f3/af/5b89bfeb26b1ddc7ca6b502e2e6bf92ea3eeb04099929288753b084100a5/pycodestyle-2.0.0a1-py2.py3-none-any.whl#sha256=be51c0b7f5cf9f773bcc7e02bb77e044a40ad20ecc66ca5c6e543e3df8e2d263 (from https://pypi.org/simple/pycodestyle/), version 2.0.0a1 is a pre-release (use --pre to allow).
  Ignoring link https://files.pythonhosted.org/packages/e7/9c/2b551f54271c08fd920edbefcea3defe2edf662a86757708df9ca866a033/pycodestyle-2.0.0a1.tar.gz#sha256=de39c5fd2761ff2e5fbf7546dc39d53f82a7bb62e6c71c7da0c2a866315a1d0c (from https://pypi.org/simple/pycodestyle/), version 2.0.0a1 is a pre-release (use --pre to allow).
  Ignoring link https://files.pythonhosted.org/packages/72/c4/fbe4b6739203c7dbcb8735b3910e354c43aa323faefe75b8d93d0ec4e148/pycodestyle-2.6.0a1-py2.py3-none-any.whl#sha256=933bfe8d45355fbb35f9017d81fc51df8cb7ce58b82aca2568b870bf7bea1611 (from https://pypi.org/simple/pycodestyle/), version 2.6.0a1 is a pre-release (use --pre to allow).
  Ignoring link https://files.pythonhosted.org/packages/e6/4d/09b2583fa9439a5625fe02dc3b99aa589a2304326ece689cca60d733a590/pycodestyle-2.6.0a1.tar.gz#sha256=c1362bf675a7c0171fa5f795917c570c2e405a97e5dc473b51f3656075d73acc (from https://pypi.org/simple/pycodestyle/), version 2.6.0a1 is a pre-release (use --pre to allow).
  Using version 2.6.0 (newest of versions: 2.6.0, 2.6.0, 2.5.0, 2.5.0, 2.4.0, 2.4.0, 2.3.1, 2.3.1, 2.3.0, 2.3.0, 2.2.0, 2.2.0, 2.1.0, 2.1.0, 2.0.0, 2.0.0)
  Downloading from URL https://files.pythonhosted.org/packages/10/5b/88879fb861ab79aef45c7e199cae3ef7af487b5603dcb363517a50602dd7/pycodestyle-2.6.0-py2.py3-none-any.whl#sha256=2295e7b2f6b5bd100585ebcb1f616591b652db8a741695b3d8f5d28bdc934367 (from https://pypi.org/simple/pycodestyle/)
Installing collected packages: pycodestyle
Cleaning up...
  Removing temporary dir /tmp/pip_build_vagrant...
Exception:
Traceback (most recent call last):
  File "/usr/lib/python2.7/dist-packages/pip/basecommand.py", line 122, in main
    status = self.run(options, args)
  File "/usr/lib/python2.7/dist-packages/pip/commands/install.py", line 283, in run
    requirement_set.install(install_options, global_options, root=options.root_path)
  File "/usr/lib/python2.7/dist-packages/pip/req.py", line 1436, in install
    requirement.install(install_options, global_options, *args, **kwargs)
  File "/usr/lib/python2.7/dist-packages/pip/req.py", line 672, in install
    self.move_wheel_files(self.source_dir, root=root)
  File "/usr/lib/python2.7/dist-packages/pip/req.py", line 902, in move_wheel_files
    pycompile=self.pycompile,
  File "/usr/lib/python2.7/dist-packages/pip/wheel.py", line 206, in move_wheel_files
    clobber(source, lib_dir, True)
  File "/usr/lib/python2.7/dist-packages/pip/wheel.py", line 193, in clobber
    os.makedirs(destsubdir)
  File "/usr/lib/python2.7/os.py", line 157, in makedirs
    mkdir(name, mode)
OSError: [Errno 13] Permission denied: '/usr/local/lib/python2.7/dist-packages/pycodestyle-2.6.0.dist-info'
