[2020-03-13 22:14:45.627] [exthost] [info] extension host started
[2020-03-13 22:14:45.765] [exthost] [info] ExtensionService#_doActivateExtension vscode.debug-auto-launch {"startup":true,"extensionId":{"value":"vscode.debug-auto-launch","_lower":"vscode.debug-auto-launch"},"activationEvent":"*"}
[2020-03-13 22:14:45.779] [exthost] [info] ExtensionService#loadCommonJSModule file:///home/vagrant/.vscode-server/bin/78a4c91400152c0f27ba4d363eb56d2835f9903a/extensions/debug-auto-launch/dist/extension
[2020-03-13 22:14:45.789] [exthost] [info] ExtensionService#_doActivateExtension vscode.emmet {"startup":true,"extensionId":{"value":"vscode.emmet","_lower":"vscode.emmet"},"activationEvent":"*"}
[2020-03-13 22:14:45.790] [exthost] [info] ExtensionService#loadCommonJSModule file:///home/vagrant/.vscode-server/bin/78a4c91400152c0f27ba4d363eb56d2835f9903a/extensions/emmet/dist/extension
[2020-03-13 22:14:45.828] [exthost] [info] ExtensionService#_doActivateExtension vscode.git {"startup":true,"extensionId":{"value":"vscode.git","_lower":"vscode.git"},"activationEvent":"*"}
[2020-03-13 22:14:45.829] [exthost] [info] ExtensionService#loadCommonJSModule file:///home/vagrant/.vscode-server/bin/78a4c91400152c0f27ba4d363eb56d2835f9903a/extensions/git/dist/main
[2020-03-13 22:14:45.928] [exthost] [info] ExtensionService#_doActivateExtension vscode.github-authentication {"startup":true,"extensionId":{"value":"vscode.github-authentication","_lower":"vscode.github-authentication"},"activationEvent":"*"}
[2020-03-13 22:14:45.933] [exthost] [info] ExtensionService#loadCommonJSModule file:///home/vagrant/.vscode-server/bin/78a4c91400152c0f27ba4d363eb56d2835f9903a/extensions/github-authentication/dist/extension.js
[2020-03-13 22:14:45.947] [exthost] [info] ExtensionService#_doActivateExtension vscode.merge-conflict {"startup":true,"extensionId":{"value":"vscode.merge-conflict","_lower":"vscode.merge-conflict"},"activationEvent":"*"}
[2020-03-13 22:14:45.948] [exthost] [info] ExtensionService#loadCommonJSModule file:///home/vagrant/.vscode-server/bin/78a4c91400152c0f27ba4d363eb56d2835f9903a/extensions/merge-conflict/dist/extension
[2020-03-13 22:14:45.951] [exthost] [info] ExtensionService#_doActivateExtension vscode.search-result {"startup":true,"extensionId":{"value":"vscode.search-result","_lower":"vscode.search-result"},"activationEvent":"*"}
[2020-03-13 22:14:45.951] [exthost] [info] ExtensionService#loadCommonJSModule file:///home/vagrant/.vscode-server/bin/78a4c91400152c0f27ba4d363eb56d2835f9903a/extensions/search-result/dist/extension.js
[2020-03-13 22:14:45.952] [exthost] [info] ExtensionService#_doActivateExtension vscode.vscode-account {"startup":true,"extensionId":{"value":"vscode.vscode-account","_lower":"vscode.vscode-account"},"activationEvent":"*"}
[2020-03-13 22:14:45.953] [exthost] [info] ExtensionService#loadCommonJSModule file:///home/vagrant/.vscode-server/bin/78a4c91400152c0f27ba4d363eb56d2835f9903a/extensions/vscode-account/dist/extension.js
[2020-03-13 22:14:45.955] [exthost] [info] ExtensionService#_doActivateExtension ms-vscode.cpptools {"startup":true,"extensionId":{"value":"ms-vscode.cpptools","_lower":"ms-vscode.cpptools"},"activationEvent":"*"}
[2020-03-13 22:14:45.955] [exthost] [info] ExtensionService#loadCommonJSModule file:///home/vagrant/.vscode-server/extensions/ms-vscode.cpptools-0.26.3/dist/main
[2020-03-13 22:14:46.026] [exthost] [info] eager extensions activated
[2020-03-13 22:34:11.747] [exthost] [error] {"message":"Git error","stdout":"","stderr":"fatal: Pathspec '/home/vagrant/holberton-system_engineering-devops/0x00-shell_basics' is in submodule 'holberton-system_engineering-devops'\n","exitCode":128,"gitErrorCode":"IsInSubmodule"}
[2020-03-13 22:34:11.747] [exthost] [error] {"message":"Git error","stdout":"","stderr":"fatal: Pathspec '/home/vagrant/holberton-system_engineering-devops/0x00-shell_basics' is in submodule 'holberton-system_engineering-devops'\n","exitCode":128,"gitErrorCode":"IsInSubmodule"}
[2020-03-13 22:34:11.747] [exthost] [error] {"message":"Git error","stdout":"","stderr":"fatal: Pathspec '/home/vagrant/holberton-system_engineering-devops/0x00-shell_basics' is in submodule 'holberton-system_engineering-devops'\n","exitCode":128,"gitErrorCode":"IsInSubmodule"}
[2020-03-13 22:34:11.747] [exthost] [error] {"message":"Git error","stdout":"","stderr":"fatal: Pathspec '/home/vagrant/holberton-system_engineering-devops/0x00-shell_basics' is in submodule 'holberton-system_engineering-devops'\n","exitCode":128,"gitErrorCode":"IsInSubmodule"}
[2020-03-13 22:34:11.747] [exthost] [error] {"message":"Git error","stdout":"","stderr":"fatal: Pathspec '/home/vagrant/holberton-system_engineering-devops/0x00-shell_basics' is in submodule 'holberton-system_engineering-devops'\n","exitCode":128,"gitErrorCode":"IsInSubmodule"}
