[2020-03-14 20:10:23.145] [exthost] [info] extension host started
[2020-03-14 20:10:23.242] [exthost] [info] ExtensionService#_doActivateExtension vscode.extension-editing {"startup":false,"extensionId":{"value":"vscode.extension-editing","_lower":"vscode.extension-editing"},"activationEvent":"onLanguage:markdown"}
[2020-03-14 20:10:23.243] [exthost] [info] ExtensionService#loadCommonJSModule file:///home/vagrant/.vscode-server/bin/78a4c91400152c0f27ba4d363eb56d2835f9903a/extensions/extension-editing/dist/extension
[2020-03-14 20:10:23.272] [exthost] [info] ExtensionService#_doActivateExtension vscode.markdown-language-features {"startup":false,"extensionId":{"value":"vscode.markdown-language-features","_lower":"vscode.markdown-language-features"},"activationEvent":"onLanguage:markdown"}
[2020-03-14 20:10:23.272] [exthost] [info] ExtensionService#loadCommonJSModule file:///home/vagrant/.vscode-server/bin/78a4c91400152c0f27ba4d363eb56d2835f9903a/extensions/markdown-language-features/dist/extension
[2020-03-14 20:10:23.327] [exthost] [info] ExtensionService#_doActivateExtension vscode.debug-auto-launch {"startup":true,"extensionId":{"value":"vscode.debug-auto-launch","_lower":"vscode.debug-auto-launch"},"activationEvent":"*"}
[2020-03-14 20:10:23.327] [exthost] [info] ExtensionService#loadCommonJSModule file:///home/vagrant/.vscode-server/bin/78a4c91400152c0f27ba4d363eb56d2835f9903a/extensions/debug-auto-launch/dist/extension
[2020-03-14 20:10:23.332] [exthost] [info] ExtensionService#_doActivateExtension vscode.emmet {"startup":true,"extensionId":{"value":"vscode.emmet","_lower":"vscode.emmet"},"activationEvent":"*"}
[2020-03-14 20:10:23.333] [exthost] [info] ExtensionService#loadCommonJSModule file:///home/vagrant/.vscode-server/bin/78a4c91400152c0f27ba4d363eb56d2835f9903a/extensions/emmet/dist/extension
[2020-03-14 20:10:23.415] [exthost] [info] ExtensionService#_doActivateExtension vscode.git {"startup":true,"extensionId":{"value":"vscode.git","_lower":"vscode.git"},"activationEvent":"*"}
[2020-03-14 20:10:23.415] [exthost] [info] ExtensionService#loadCommonJSModule file:///home/vagrant/.vscode-server/bin/78a4c91400152c0f27ba4d363eb56d2835f9903a/extensions/git/dist/main
[2020-03-14 20:10:23.599] [exthost] [info] ExtensionService#_doActivateExtension vscode.github-authentication {"startup":true,"extensionId":{"value":"vscode.github-authentication","_lower":"vscode.github-authentication"},"activationEvent":"*"}
[2020-03-14 20:10:23.600] [exthost] [info] ExtensionService#loadCommonJSModule file:///home/vagrant/.vscode-server/bin/78a4c91400152c0f27ba4d363eb56d2835f9903a/extensions/github-authentication/dist/extension.js
[2020-03-14 20:10:23.635] [exthost] [info] ExtensionService#_doActivateExtension vscode.merge-conflict {"startup":true,"extensionId":{"value":"vscode.merge-conflict","_lower":"vscode.merge-conflict"},"activationEvent":"*"}
[2020-03-14 20:10:23.635] [exthost] [info] ExtensionService#loadCommonJSModule file:///home/vagrant/.vscode-server/bin/78a4c91400152c0f27ba4d363eb56d2835f9903a/extensions/merge-conflict/dist/extension
[2020-03-14 20:10:23.644] [exthost] [info] ExtensionService#_doActivateExtension vscode.search-result {"startup":true,"extensionId":{"value":"vscode.search-result","_lower":"vscode.search-result"},"activationEvent":"*"}
[2020-03-14 20:10:23.644] [exthost] [info] ExtensionService#loadCommonJSModule file:///home/vagrant/.vscode-server/bin/78a4c91400152c0f27ba4d363eb56d2835f9903a/extensions/search-result/dist/extension.js
[2020-03-14 20:10:23.646] [exthost] [info] ExtensionService#_doActivateExtension vscode.vscode-account {"startup":true,"extensionId":{"value":"vscode.vscode-account","_lower":"vscode.vscode-account"},"activationEvent":"*"}
[2020-03-14 20:10:23.646] [exthost] [info] ExtensionService#loadCommonJSModule file:///home/vagrant/.vscode-server/bin/78a4c91400152c0f27ba4d363eb56d2835f9903a/extensions/vscode-account/dist/extension.js
[2020-03-14 20:10:23.674] [exthost] [info] eager extensions activated
[2020-03-14 20:22:01.486] [exthost] [info] ExtensionService#_doActivateExtension ms-vscode.cpptools {"startup":false,"extensionId":{"value":"ms-vscode.cpptools","_lower":"ms-vscode.cpptools"},"activationEvent":"onLanguage:c"}
[2020-03-14 20:22:01.487] [exthost] [info] ExtensionService#loadCommonJSModule file:///home/vagrant/.vscode-server/extensions/ms-vscode.cpptools-0.26.3/dist/main
[2020-03-14 20:22:02.701] [exthost] [warning] [Deprecation Warning] 'CodeActionProvider.provideCodeActions - return commands' is deprecated. Return 'CodeAction' instances instead.
