Looking for git in: git
Using git 1.9.1 from git
> git rev-parse --show-toplevel
> git rev-parse --git-dir
Open repository: /home/vagrant/holbertonschool-low_level_programming
> git status -z -u
> git symbolic-ref --short HEAD
> git rev-parse master
> git rev-parse --symbolic-full-name master@{u}
> git rev-list --left-right master...refs/remotes/origin/master
> git for-each-ref --format %(refname) %(objectname) --sort -committerdate
> git remote --verbose
> git config --get commit.template
> git check-ignore -v -z --stdin
> git show :0x10-variadic_functions/100-hello_holberton.asm
> git ls-files --stage -- /home/vagrant/holbertonschool-low_level_programming/0x10-variadic_functions/100-hello_holberton.asm
> git check-ignore -v -z --stdin
> git status -z -u
> git symbolic-ref --short HEAD
> git rev-parse master
> git rev-parse --symbolic-full-name master@{u}
> git rev-list --left-right master...refs/remotes/origin/master
> git for-each-ref --format %(refname) %(objectname) --sort -committerdate
> git remote --verbose
> git config --get commit.template
> git show :0x10-variadic_functions/100-hello_holberton.asm
> git ls-files --stage -- /home/vagrant/holbertonschool-low_level_programming/0x10-variadic_functions/100-hello_holberton.asm
> git check-ignore -v -z --stdin
> git check-ignore -v -z --stdin
> git show :0x10-variadic_functions/100-hello_holberton.asm
> git ls-files --stage -- /home/vagrant/holbertonschool-low_level_programming/0x10-variadic_functions/100-hello_holberton.asm
> git status -z -u
> git symbolic-ref --short HEAD
> git rev-parse master
> git rev-parse --symbolic-full-name master@{u}
> git rev-list --left-right master...refs/remotes/origin/master
> git for-each-ref --format %(refname) %(objectname) --sort -committerdate
> git remote --verbose
> git config --get commit.template
> git ls-files --stage -- /home/vagrant/holbertonschool-low_level_programming/0x10-variadic_functions/100-hello_holberton.asm
> git cat-file -s be7694e312a430eb1793b00e692e7ec4d440a76c
> git show :0x10-variadic_functions/100-hello_holberton.asm
> git status -z -u
> git symbolic-ref --short HEAD
> git rev-parse master
> git rev-parse --symbolic-full-name master@{u}
> git rev-list --left-right master...refs/remotes/origin/master
> git for-each-ref --format %(refname) %(objectname) --sort -committerdate
> git remote --verbose
> git config --get commit.template
> git ls-files --stage -- /home/vagrant/holbertonschool-low_level_programming/0x10-variadic_functions/100-hello_holberton.asm
> git cat-file -s be7694e312a430eb1793b00e692e7ec4d440a76c
> git show :0x10-variadic_functions/100-hello_holberton.asm
> git status -z -u
> git symbolic-ref --short HEAD
> git rev-parse master
> git rev-parse --symbolic-full-name master@{u}
> git rev-list --left-right master...refs/remotes/origin/master
> git for-each-ref --format %(refname) %(objectname) --sort -committerdate
> git remote --verbose
> git config --get commit.template
> git status -z -u
> git symbolic-ref --short HEAD
> git rev-parse master
> git rev-parse --symbolic-full-name master@{u}
> git rev-list --left-right master...refs/remotes/origin/master
> git for-each-ref --format %(refname) %(objectname) --sort -committerdate
> git remote --verbose
> git config --get commit.template
